<?xml version="1.0" encoding="UTF-8"?>
<!-- Generated by org.testng.reporters.JUnitXMLReporter -->
<testsuite ignored="0" hostname="DESKTOP-VV0Q78H" failures="4" tests="15" name="Default test" time="237.26" errors="0" timestamp="2024-11-13T01:12:37 IST">
  <testcase classname="io.cucumber.testng.AbstractTestNGCucumberTests" name="runScenario" time="9.815"/>
  <testcase classname="io.cucumber.testng.AbstractTestNGCucumberTests" name="runScenario" time="40.187"/>
  <testcase classname="io.cucumber.testng.AbstractTestNGCucumberTests" name="runScenario" time="10.489"/>
  <testcase classname="io.cucumber.testng.AbstractTestNGCucumberTests" name="runScenario" time="12.366"/>
  <testcase classname="io.cucumber.testng.AbstractTestNGCucumberTests" name="runScenario" time="12.352">
    <failure type="org.openqa.selenium.ElementClickInterceptedException" message="element click intercepted: Element &amp;lt;h2 tabindex=&amp;quot;0&amp;quot; class=&amp;quot;main-title focus-visible-auto-imp&amp;quot;&amp;gt;...&amp;lt;/h2&amp;gt; is not clickable at point (765, 17). Other element would receive the click: &amp;lt;a href=&amp;quot;https://www.asianpaints.com/products/waterproofing-solutions.html&amp;quot; data-target=&amp;quot;#Waterproofing&amp;quot; class=&amp;quot;track_section anchor-main&amp;quot; tabindex=&amp;quot;0&amp;quot;&amp;gt;...&amp;lt;/a&amp;gt;
  (Session info: chrome=130.0.6723.117)
Build info: version: &amp;apos;4.16.1&amp;apos;, revision: &amp;apos;9b4c83354e&amp;apos;
System info: os.name: &amp;apos;Windows 11&amp;apos;, os.arch: &amp;apos;amd64&amp;apos;, os.version: &amp;apos;10.0&amp;apos;, java.version: &amp;apos;22.0.1&amp;apos;
Driver info: org.openqa.selenium.chrome.ChromeDriver
Command: [58907fad7425c4d18ba2f13c47cadd26, clickElement {id=f.5229CEAB502F910D2823B9706811FEFB.d.ABC06AF7F7332740A70489779B9E27E8.e.324}]
Capabilities {acceptInsecureCerts: false, browserName: chrome, browserVersion: 130.0.6723.117, chrome: {chromedriverVersion: 130.0.6723.116 (6ac35f94ae3..., userDataDir: C:\Users\Praharshitha\AppDa...}, fedcm:accounts: true, goog:chromeOptions: {debuggerAddress: localhost:51922}, networkConnectionEnabled: false, pageLoadStrategy: normal, platformName: windows, proxy: Proxy(), se:cdp: ws://localhost:51922/devtoo..., se:cdpVersion: 130.0.6723.117, setWindowRect: true, strictFileInteractability: false, timeouts: {implicit: 0, pageLoad: 300000, script: 30000}, unhandledPromptBehavior: dismiss and notify, webauthn:extension:credBlob: true, webauthn:extension:largeBlob: true, webauthn:extension:minPinLength: true, webauthn:extension:prf: true, webauthn:virtualAuthenticators: true}
Element: [[ChromeDriver: chrome on windows (58907fad7425c4d18ba2f13c47cadd26)] -&amp;gt; xpath: //h2[contains(text(),&amp;apos;FAQs for Interior Wall Paints&amp;apos;)]]
Session ID: 58907fad7425c4d18ba2f13c47cadd26">
      <![CDATA[org.openqa.selenium.ElementClickInterceptedException: element click intercepted: Element <h2 tabindex="0" class="main-title focus-visible-auto-imp">...</h2> is not clickable at point (765, 17). Other element would receive the click: <a href="https://www.asianpaints.com/products/waterproofing-solutions.html" data-target="#Waterproofing" class="track_section anchor-main" tabindex="0">...</a>
  (Session info: chrome=130.0.6723.117)
Build info: version: '4.16.1', revision: '9b4c83354e'
System info: os.name: 'Windows 11', os.arch: 'amd64', os.version: '10.0', java.version: '22.0.1'
Driver info: org.openqa.selenium.chrome.ChromeDriver
Command: [58907fad7425c4d18ba2f13c47cadd26, clickElement {id=f.5229CEAB502F910D2823B9706811FEFB.d.ABC06AF7F7332740A70489779B9E27E8.e.324}]
Capabilities {acceptInsecureCerts: false, browserName: chrome, browserVersion: 130.0.6723.117, chrome: {chromedriverVersion: 130.0.6723.116 (6ac35f94ae3..., userDataDir: C:\Users\Praharshitha\AppDa...}, fedcm:accounts: true, goog:chromeOptions: {debuggerAddress: localhost:51922}, networkConnectionEnabled: false, pageLoadStrategy: normal, platformName: windows, proxy: Proxy(), se:cdp: ws://localhost:51922/devtoo..., se:cdpVersion: 130.0.6723.117, setWindowRect: true, strictFileInteractability: false, timeouts: {implicit: 0, pageLoad: 300000, script: 30000}, unhandledPromptBehavior: dismiss and notify, webauthn:extension:credBlob: true, webauthn:extension:largeBlob: true, webauthn:extension:minPinLength: true, webauthn:extension:prf: true, webauthn:virtualAuthenticators: true}
Element: [[ChromeDriver: chrome on windows (58907fad7425c4d18ba2f13c47cadd26)] -> xpath: //h2[contains(text(),'FAQs for Interior Wall Paints')]]
Session ID: 58907fad7425c4d18ba2f13c47cadd26
at java.base/jdk.internal.reflect.DirectConstructorHandleAccessor.newInstance(DirectConstructorHandleAccessor.java:62)
at java.base/java.lang.reflect.Constructor.newInstanceWithCaller(Constructor.java:502)
at java.base/java.lang.reflect.Constructor.newInstance(Constructor.java:486)
at org.openqa.selenium.remote.codec.w3c.W3CHttpResponseCodec.createException(W3CHttpResponseCodec.java:200)
at org.openqa.selenium.remote.codec.w3c.W3CHttpResponseCodec.decode(W3CHttpResponseCodec.java:133)
at org.openqa.selenium.remote.codec.w3c.W3CHttpResponseCodec.decode(W3CHttpResponseCodec.java:52)
at org.openqa.selenium.remote.HttpCommandExecutor.execute(HttpCommandExecutor.java:191)
at org.openqa.selenium.remote.service.DriverCommandExecutor.invokeExecute(DriverCommandExecutor.java:200)
at org.openqa.selenium.remote.service.DriverCommandExecutor.execute(DriverCommandExecutor.java:175)
at org.openqa.selenium.remote.RemoteWebDriver.execute(RemoteWebDriver.java:523)
at org.openqa.selenium.remote.RemoteWebElement.execute(RemoteWebElement.java:224)
at org.openqa.selenium.remote.RemoteWebElement.click(RemoteWebElement.java:77)
at java.base/jdk.internal.reflect.DirectMethodHandleAccessor.invoke(DirectMethodHandleAccessor.java:103)
at java.base/java.lang.reflect.Method.invoke(Method.java:580)
at org.openqa.selenium.support.pagefactory.internal.LocatingElementHandler.invoke(LocatingElementHandler.java:51)
at jdk.proxy2/jdk.proxy2.$Proxy25.click(Unknown Source)
at stepDefinations.ExpandFAQ.click_on_plus_icon(ExpandFAQ.java:43)
at ✽.Click on Text(file:///C:/Users/Praharshitha/eclipse-workspace/AsianPaints_project/./src/test/java/features/expandFAQ.feature:7)
]]>
    </failure>
  </testcase> <!-- runScenario -->
  <testcase classname="io.cucumber.testng.AbstractTestNGCucumberTests" name="runScenario" time="24.912">
    <failure type="org.openqa.selenium.NoSuchElementException" message="no such element: Unable to locate element: {&amp;quot;method&amp;quot;:&amp;quot;xpath&amp;quot;,&amp;quot;selector&amp;quot;:&amp;quot;//div[@class=&amp;apos;walpaints-banner-right-section&amp;apos;]//a[@class=&amp;apos;animated-arrow-button trackCTA&amp;apos; ]&amp;quot;}
  (Session info: chrome=130.0.6723.117)
For documentation on this error, please visit: https://www.selenium.dev/documentation/webdriver/troubleshooting/errors#no-such-element-exception
Build info: version: &amp;apos;4.16.1&amp;apos;, revision: &amp;apos;9b4c83354e&amp;apos;
System info: os.name: &amp;apos;Windows 11&amp;apos;, os.arch: &amp;apos;amd64&amp;apos;, os.version: &amp;apos;10.0&amp;apos;, java.version: &amp;apos;22.0.1&amp;apos;
Driver info: org.openqa.selenium.chrome.ChromeDriver
Command: [d6ff932fa362a77c6ae750653e9e53d2, findElement {using=xpath, value=//div[@class=&amp;apos;walpaints-banner-right-section&amp;apos;]//a[@class=&amp;apos;animated-arrow-button trackCTA&amp;apos; ]}]
Capabilities {acceptInsecureCerts: false, browserName: chrome, browserVersion: 130.0.6723.117, chrome: {chromedriverVersion: 130.0.6723.116 (6ac35f94ae3..., userDataDir: C:\Users\Praharshitha\AppDa...}, fedcm:accounts: true, goog:chromeOptions: {debuggerAddress: localhost:51972}, networkConnectionEnabled: false, pageLoadStrategy: normal, platformName: windows, proxy: Proxy(), se:cdp: ws://localhost:51972/devtoo..., se:cdpVersion: 130.0.6723.117, setWindowRect: true, strictFileInteractability: false, timeouts: {implicit: 0, pageLoad: 300000, script: 30000}, unhandledPromptBehavior: dismiss and notify, webauthn:extension:credBlob: true, webauthn:extension:largeBlob: true, webauthn:extension:minPinLength: true, webauthn:extension:prf: true, webauthn:virtualAuthenticators: true}
Session ID: d6ff932fa362a77c6ae750653e9e53d2">
      <![CDATA[org.openqa.selenium.NoSuchElementException: no such element: Unable to locate element: {"method":"xpath","selector":"//div[@class='walpaints-banner-right-section']//a[@class='animated-arrow-button trackCTA' ]"}
  (Session info: chrome=130.0.6723.117)
For documentation on this error, please visit: https://www.selenium.dev/documentation/webdriver/troubleshooting/errors#no-such-element-exception
Build info: version: '4.16.1', revision: '9b4c83354e'
System info: os.name: 'Windows 11', os.arch: 'amd64', os.version: '10.0', java.version: '22.0.1'
Driver info: org.openqa.selenium.chrome.ChromeDriver
Command: [d6ff932fa362a77c6ae750653e9e53d2, findElement {using=xpath, value=//div[@class='walpaints-banner-right-section']//a[@class='animated-arrow-button trackCTA' ]}]
Capabilities {acceptInsecureCerts: false, browserName: chrome, browserVersion: 130.0.6723.117, chrome: {chromedriverVersion: 130.0.6723.116 (6ac35f94ae3..., userDataDir: C:\Users\Praharshitha\AppDa...}, fedcm:accounts: true, goog:chromeOptions: {debuggerAddress: localhost:51972}, networkConnectionEnabled: false, pageLoadStrategy: normal, platformName: windows, proxy: Proxy(), se:cdp: ws://localhost:51972/devtoo..., se:cdpVersion: 130.0.6723.117, setWindowRect: true, strictFileInteractability: false, timeouts: {implicit: 0, pageLoad: 300000, script: 30000}, unhandledPromptBehavior: dismiss and notify, webauthn:extension:credBlob: true, webauthn:extension:largeBlob: true, webauthn:extension:minPinLength: true, webauthn:extension:prf: true, webauthn:virtualAuthenticators: true}
Session ID: d6ff932fa362a77c6ae750653e9e53d2
at java.base/jdk.internal.reflect.DirectConstructorHandleAccessor.newInstance(DirectConstructorHandleAccessor.java:62)
at java.base/java.lang.reflect.Constructor.newInstanceWithCaller(Constructor.java:502)
at java.base/java.lang.reflect.Constructor.newInstance(Constructor.java:486)
at org.openqa.selenium.remote.codec.w3c.W3CHttpResponseCodec.createException(W3CHttpResponseCodec.java:200)
at org.openqa.selenium.remote.codec.w3c.W3CHttpResponseCodec.decode(W3CHttpResponseCodec.java:133)
at org.openqa.selenium.remote.codec.w3c.W3CHttpResponseCodec.decode(W3CHttpResponseCodec.java:52)
at org.openqa.selenium.remote.HttpCommandExecutor.execute(HttpCommandExecutor.java:191)
at org.openqa.selenium.remote.service.DriverCommandExecutor.invokeExecute(DriverCommandExecutor.java:200)
at org.openqa.selenium.remote.service.DriverCommandExecutor.execute(DriverCommandExecutor.java:175)
at org.openqa.selenium.remote.RemoteWebDriver.execute(RemoteWebDriver.java:523)
at org.openqa.selenium.remote.ElementLocation$ElementFinder$2.findElement(ElementLocation.java:165)
at org.openqa.selenium.remote.ElementLocation.findElement(ElementLocation.java:59)
at org.openqa.selenium.remote.RemoteWebDriver.findElement(RemoteWebDriver.java:360)
at org.openqa.selenium.remote.RemoteWebDriver.findElement(RemoteWebDriver.java:354)
at org.openqa.selenium.support.pagefactory.DefaultElementLocator.findElement(DefaultElementLocator.java:68)
at org.openqa.selenium.support.pagefactory.internal.LocatingElementHandler.invoke(LocatingElementHandler.java:38)
at jdk.proxy2/jdk.proxy2.$Proxy25.getAttribute(Unknown Source)
at stepDefinations.FilterAndCompare.click_on_interior_walls(FilterAndCompare.java:61)
at ✽.Click on Interior walls(file:///C:/Users/Praharshitha/eclipse-workspace/AsianPaints_project/./src/test/java/features/filterandCompare.feature:9)
]]>
    </failure>
  </testcase> <!-- runScenario -->
  <testcase classname="io.cucumber.testng.AbstractTestNGCucumberTests" name="runScenario" time="14.74"/>
  <testcase classname="io.cucumber.testng.AbstractTestNGCucumberTests" name="runScenario" time="6.683"/>
  <testcase classname="io.cucumber.testng.AbstractTestNGCucumberTests" name="runScenario" time="13.459">
    <failure type="org.openqa.selenium.ElementClickInterceptedException" message="element click intercepted: Element &amp;lt;h4 class=&amp;quot;d-md-block storeBlock&amp;quot; data-makercount=&amp;quot;0&amp;quot; style=&amp;quot; cursor: pointer; &amp;quot;&amp;gt;...&amp;lt;/h4&amp;gt; is not clickable at point (150, 45). Other element would receive the click: &amp;lt;img loading=&amp;quot;eager&amp;quot; fetchpriority=&amp;quot;high&amp;quot; height=&amp;quot;32&amp;quot; width=&amp;quot;50&amp;quot; alt=&amp;quot;asian-paints-home&amp;quot; title=&amp;quot;asian-paints-home&amp;quot; style=&amp;quot;width: 100%; height: 100%;&amp;quot; src=&amp;quot;//static.asianpaints.com/etc.clientlibs/apcolourcatalogue/clientlibs/clientlib-global-unification/resources/images/header/asian-paints-logo.webp&amp;quot;&amp;gt;
  (Session info: chrome=130.0.6723.117)
Build info: version: &amp;apos;4.16.1&amp;apos;, revision: &amp;apos;9b4c83354e&amp;apos;
System info: os.name: &amp;apos;Windows 11&amp;apos;, os.arch: &amp;apos;amd64&amp;apos;, os.version: &amp;apos;10.0&amp;apos;, java.version: &amp;apos;22.0.1&amp;apos;
Driver info: org.openqa.selenium.chrome.ChromeDriver
Command: [58f724082d4b1122dd19186bf63b9a97, clickElement {id=f.E7D593A31525B88356331F986A64355D.d.EF555D532A77557AE326CD22E8C1D80E.e.322}]
Capabilities {acceptInsecureCerts: false, browserName: chrome, browserVersion: 130.0.6723.117, chrome: {chromedriverVersion: 130.0.6723.116 (6ac35f94ae3..., userDataDir: C:\Users\Praharshitha\AppDa...}, fedcm:accounts: true, goog:chromeOptions: {debuggerAddress: localhost:52128}, networkConnectionEnabled: false, pageLoadStrategy: normal, platformName: windows, proxy: Proxy(), se:cdp: ws://localhost:52128/devtoo..., se:cdpVersion: 130.0.6723.117, setWindowRect: true, strictFileInteractability: false, timeouts: {implicit: 0, pageLoad: 300000, script: 30000}, unhandledPromptBehavior: dismiss and notify, webauthn:extension:credBlob: true, webauthn:extension:largeBlob: true, webauthn:extension:minPinLength: true, webauthn:extension:prf: true, webauthn:virtualAuthenticators: true}
Element: [[ChromeDriver: chrome on windows (58f724082d4b1122dd19186bf63b9a97)] -&amp;gt; xpath: //h4[text()=&amp;apos; Sree Ganapathy Hardware [sgh] &amp;apos;]]
Session ID: 58f724082d4b1122dd19186bf63b9a97">
      <![CDATA[org.openqa.selenium.ElementClickInterceptedException: element click intercepted: Element <h4 class="d-md-block storeBlock" data-makercount="0" style=" cursor: pointer; ">...</h4> is not clickable at point (150, 45). Other element would receive the click: <img loading="eager" fetchpriority="high" height="32" width="50" alt="asian-paints-home" title="asian-paints-home" style="width: 100%; height: 100%;" src="//static.asianpaints.com/etc.clientlibs/apcolourcatalogue/clientlibs/clientlib-global-unification/resources/images/header/asian-paints-logo.webp">
  (Session info: chrome=130.0.6723.117)
Build info: version: '4.16.1', revision: '9b4c83354e'
System info: os.name: 'Windows 11', os.arch: 'amd64', os.version: '10.0', java.version: '22.0.1'
Driver info: org.openqa.selenium.chrome.ChromeDriver
Command: [58f724082d4b1122dd19186bf63b9a97, clickElement {id=f.E7D593A31525B88356331F986A64355D.d.EF555D532A77557AE326CD22E8C1D80E.e.322}]
Capabilities {acceptInsecureCerts: false, browserName: chrome, browserVersion: 130.0.6723.117, chrome: {chromedriverVersion: 130.0.6723.116 (6ac35f94ae3..., userDataDir: C:\Users\Praharshitha\AppDa...}, fedcm:accounts: true, goog:chromeOptions: {debuggerAddress: localhost:52128}, networkConnectionEnabled: false, pageLoadStrategy: normal, platformName: windows, proxy: Proxy(), se:cdp: ws://localhost:52128/devtoo..., se:cdpVersion: 130.0.6723.117, setWindowRect: true, strictFileInteractability: false, timeouts: {implicit: 0, pageLoad: 300000, script: 30000}, unhandledPromptBehavior: dismiss and notify, webauthn:extension:credBlob: true, webauthn:extension:largeBlob: true, webauthn:extension:minPinLength: true, webauthn:extension:prf: true, webauthn:virtualAuthenticators: true}
Element: [[ChromeDriver: chrome on windows (58f724082d4b1122dd19186bf63b9a97)] -> xpath: //h4[text()=' Sree Ganapathy Hardware [sgh] ']]
Session ID: 58f724082d4b1122dd19186bf63b9a97
at java.base/jdk.internal.reflect.DirectConstructorHandleAccessor.newInstance(DirectConstructorHandleAccessor.java:62)
at java.base/java.lang.reflect.Constructor.newInstanceWithCaller(Constructor.java:502)
at java.base/java.lang.reflect.Constructor.newInstance(Constructor.java:486)
at org.openqa.selenium.remote.codec.w3c.W3CHttpResponseCodec.createException(W3CHttpResponseCodec.java:200)
at org.openqa.selenium.remote.codec.w3c.W3CHttpResponseCodec.decode(W3CHttpResponseCodec.java:133)
at org.openqa.selenium.remote.codec.w3c.W3CHttpResponseCodec.decode(W3CHttpResponseCodec.java:52)
at org.openqa.selenium.remote.HttpCommandExecutor.execute(HttpCommandExecutor.java:191)
at org.openqa.selenium.remote.service.DriverCommandExecutor.invokeExecute(DriverCommandExecutor.java:200)
at org.openqa.selenium.remote.service.DriverCommandExecutor.execute(DriverCommandExecutor.java:175)
at org.openqa.selenium.remote.RemoteWebDriver.execute(RemoteWebDriver.java:523)
at org.openqa.selenium.remote.RemoteWebElement.execute(RemoteWebElement.java:224)
at org.openqa.selenium.remote.RemoteWebElement.click(RemoteWebElement.java:77)
at java.base/jdk.internal.reflect.DirectMethodHandleAccessor.invoke(DirectMethodHandleAccessor.java:103)
at java.base/java.lang.reflect.Method.invoke(Method.java:580)
at org.openqa.selenium.support.pagefactory.internal.LocatingElementHandler.invoke(LocatingElementHandler.java:51)
at jdk.proxy2/jdk.proxy2.$Proxy25.click(Unknown Source)
at stepDefinations.PaintStoresNearMe.address_should_be_displayed(PaintStoresNearMe.java:130)
at ✽.Address should be displayed(file:///C:/Users/Praharshitha/eclipse-workspace/AsianPaints_project/./src/test/java/features/paintStroreNearMe.feature:9)
]]>
    </failure>
  </testcase> <!-- runScenario -->
  <testcase classname="io.cucumber.testng.AbstractTestNGCucumberTests" name="runScenario" time="14.063"/>
  <testcase classname="io.cucumber.testng.AbstractTestNGCucumberTests" name="runScenario" time="8.289">
    <failure type="org.openqa.selenium.ElementClickInterceptedException" message="element click intercepted: Element &amp;lt;img loading=&amp;quot;lazy&amp;quot; fetchpriority=&amp;quot;auto&amp;quot; src=&amp;quot;//static.asianpaints.com/etc.clientlibs/apcolourcatalogue/clientlibs/clientlib-global-unification/resources/images/header/cart-icon/cart-button.svg&amp;quot; alt=&amp;quot;cart-button&amp;quot; title=&amp;quot;cart-button&amp;quot; height=&amp;quot;20&amp;quot; width=&amp;quot;20&amp;quot; data-toggle=&amp;quot;modal&amp;quot; data-target=&amp;quot;#cartModal&amp;quot; class=&amp;quot;iconLinks__cart cart-js-handle track_minicart&amp;quot;&amp;gt; is not clickable at point (1280, 100). Other element would receive the click: &amp;lt;div class=&amp;quot;modal search-modal fade-scale in&amp;quot; tabindex=&amp;quot;-1&amp;quot; role=&amp;quot;dialog&amp;quot; id=&amp;quot;unified-search-popup&amp;quot; style=&amp;quot;display: block;&amp;quot;&amp;gt;...&amp;lt;/div&amp;gt;
  (Session info: chrome=130.0.6723.117)
Build info: version: &amp;apos;4.16.1&amp;apos;, revision: &amp;apos;9b4c83354e&amp;apos;
System info: os.name: &amp;apos;Windows 11&amp;apos;, os.arch: &amp;apos;amd64&amp;apos;, os.version: &amp;apos;10.0&amp;apos;, java.version: &amp;apos;22.0.1&amp;apos;
Driver info: org.openqa.selenium.chrome.ChromeDriver
Command: [89504afca6b8ceca7f6c6907f5b9cd08, clickElement {id=f.8016DD2C0CF6108C1504DAB7139B2ACF.d.89833D7F91D88DF023CC7EEE68A1ADCD.e.146}]
Capabilities {acceptInsecureCerts: false, browserName: chrome, browserVersion: 130.0.6723.117, chrome: {chromedriverVersion: 130.0.6723.116 (6ac35f94ae3..., userDataDir: C:\Users\Praharshitha\AppDa...}, fedcm:accounts: true, goog:chromeOptions: {debuggerAddress: localhost:52246}, networkConnectionEnabled: false, pageLoadStrategy: normal, platformName: windows, proxy: Proxy(), se:cdp: ws://localhost:52246/devtoo..., se:cdpVersion: 130.0.6723.117, setWindowRect: true, strictFileInteractability: false, timeouts: {implicit: 0, pageLoad: 300000, script: 30000}, unhandledPromptBehavior: dismiss and notify, webauthn:extension:credBlob: true, webauthn:extension:largeBlob: true, webauthn:extension:minPinLength: true, webauthn:extension:prf: true, webauthn:virtualAuthenticators: true}
Element: [[ChromeDriver: chrome on windows (89504afca6b8ceca7f6c6907f5b9cd08)] -&amp;gt; xpath: //img[@alt=&amp;apos;cart-button&amp;apos;]]
Session ID: 89504afca6b8ceca7f6c6907f5b9cd08">
      <![CDATA[org.openqa.selenium.ElementClickInterceptedException: element click intercepted: Element <img loading="lazy" fetchpriority="auto" src="//static.asianpaints.com/etc.clientlibs/apcolourcatalogue/clientlibs/clientlib-global-unification/resources/images/header/cart-icon/cart-button.svg" alt="cart-button" title="cart-button" height="20" width="20" data-toggle="modal" data-target="#cartModal" class="iconLinks__cart cart-js-handle track_minicart"> is not clickable at point (1280, 100). Other element would receive the click: <div class="modal search-modal fade-scale in" tabindex="-1" role="dialog" id="unified-search-popup" style="display: block;">...</div>
  (Session info: chrome=130.0.6723.117)
Build info: version: '4.16.1', revision: '9b4c83354e'
System info: os.name: 'Windows 11', os.arch: 'amd64', os.version: '10.0', java.version: '22.0.1'
Driver info: org.openqa.selenium.chrome.ChromeDriver
Command: [89504afca6b8ceca7f6c6907f5b9cd08, clickElement {id=f.8016DD2C0CF6108C1504DAB7139B2ACF.d.89833D7F91D88DF023CC7EEE68A1ADCD.e.146}]
Capabilities {acceptInsecureCerts: false, browserName: chrome, browserVersion: 130.0.6723.117, chrome: {chromedriverVersion: 130.0.6723.116 (6ac35f94ae3..., userDataDir: C:\Users\Praharshitha\AppDa...}, fedcm:accounts: true, goog:chromeOptions: {debuggerAddress: localhost:52246}, networkConnectionEnabled: false, pageLoadStrategy: normal, platformName: windows, proxy: Proxy(), se:cdp: ws://localhost:52246/devtoo..., se:cdpVersion: 130.0.6723.117, setWindowRect: true, strictFileInteractability: false, timeouts: {implicit: 0, pageLoad: 300000, script: 30000}, unhandledPromptBehavior: dismiss and notify, webauthn:extension:credBlob: true, webauthn:extension:largeBlob: true, webauthn:extension:minPinLength: true, webauthn:extension:prf: true, webauthn:virtualAuthenticators: true}
Element: [[ChromeDriver: chrome on windows (89504afca6b8ceca7f6c6907f5b9cd08)] -> xpath: //img[@alt='cart-button']]
Session ID: 89504afca6b8ceca7f6c6907f5b9cd08
at java.base/jdk.internal.reflect.DirectConstructorHandleAccessor.newInstance(DirectConstructorHandleAccessor.java:62)
at java.base/java.lang.reflect.Constructor.newInstanceWithCaller(Constructor.java:502)
at java.base/java.lang.reflect.Constructor.newInstance(Constructor.java:486)
at org.openqa.selenium.remote.codec.w3c.W3CHttpResponseCodec.createException(W3CHttpResponseCodec.java:200)
at org.openqa.selenium.remote.codec.w3c.W3CHttpResponseCodec.decode(W3CHttpResponseCodec.java:133)
at org.openqa.selenium.remote.codec.w3c.W3CHttpResponseCodec.decode(W3CHttpResponseCodec.java:52)
at org.openqa.selenium.remote.HttpCommandExecutor.execute(HttpCommandExecutor.java:191)
at org.openqa.selenium.remote.service.DriverCommandExecutor.invokeExecute(DriverCommandExecutor.java:200)
at org.openqa.selenium.remote.service.DriverCommandExecutor.execute(DriverCommandExecutor.java:175)
at org.openqa.selenium.remote.RemoteWebDriver.execute(RemoteWebDriver.java:523)
at org.openqa.selenium.remote.RemoteWebElement.execute(RemoteWebElement.java:224)
at org.openqa.selenium.remote.RemoteWebElement.click(RemoteWebElement.java:77)
at java.base/jdk.internal.reflect.DirectMethodHandleAccessor.invoke(DirectMethodHandleAccessor.java:103)
at java.base/java.lang.reflect.Method.invoke(Method.java:580)
at org.openqa.selenium.support.pagefactory.internal.LocatingElementHandler.invoke(LocatingElementHandler.java:51)
at jdk.proxy2/jdk.proxy2.$Proxy25.click(Unknown Source)
at stepDefinations.FilterAndCompare.click_on_shopping_cart_icon(FilterAndCompare.java:33)
at ✽.Click on shopping cart icon(file:///C:/Users/Praharshitha/eclipse-workspace/AsianPaints_project/./src/test/java/features/searchingColours.feature:6)
]]>
    </failure>
  </testcase> <!-- runScenario -->
  <testcase classname="io.cucumber.testng.AbstractTestNGCucumberTests" name="runScenario" time="14.725"/>
  <testcase classname="io.cucumber.testng.AbstractTestNGCucumberTests" name="runScenario" time="29.679"/>
  <testcase classname="io.cucumber.testng.AbstractTestNGCucumberTests" name="runScenario" time="12.193"/>
  <testcase classname="io.cucumber.testng.AbstractTestNGCucumberTests" name="runScenario" time="12.316"/>
</testsuite> <!-- Default test -->
