<?xml version="1.0" encoding="UTF-8"?>
<!-- Generated by org.testng.reporters.JUnitReportReporter -->
<testsuite hostname="DESKTOP-VV0Q78H" failures="0" tests="15" name="runners.CucumberRunner" time="236.268" errors="4" timestamp="2024-11-13T01:12:37 IST" skipped="0">
  <testcase classname="runners.CucumberRunner" name="runScenario" time="14.725">
    <system-out>
      <![CDATA[The browser is launched and url is navigated
Popup Handling is done
successfully clicked
Successfully clicked the Cart
successfully clicked
successfully entered the values
successfully clicked
Successfully displayed colours related to colour]]>
    </system-out>
  </testcase> <!-- runScenario -->
  <testcase classname="runners.CucumberRunner" name="runScenario" time="9.815">
    <system-out>
      <![CDATA[The browser is launched and url is navigated
Popup Handling is done
Successfully clicked on Paints&Colours
Search bar is displayed
Search Field is displayed successfully]]>
    </system-out>
  </testcase> <!-- runScenario -->
  <testcase classname="runners.CucumberRunner" name="runScenario" time="24.912">
    <error message="no such element: Unable to locate element: {&quot;method&quot;:&quot;xpath&quot;,&quot;selector&quot;:&quot;//div[@class=&#039;walpaints-banner-right-section&#039;]//a[@class=&#039;animated-arrow-button trackCTA&#039; ]&quot;}
  (Session info: chrome=130.0.6723.117)
For documentation on this error, please visit: https://www.selenium.dev/documentation/webdriver/troubleshooting/errors#no-such-element-exception
Build info: version: &#039;4.16.1&#039;, revision: &#039;9b4c83354e&#039;
System info: os.name: &#039;Windows 11&#039;, os.arch: &#039;amd64&#039;, os.version: &#039;10.0&#039;, java.version: &#039;22.0.1&#039;
Driver info: org.openqa.selenium.chrome.ChromeDriver
Command: [d6ff932fa362a77c6ae750653e9e53d2, findElement {using=xpath, value=//div[@class=&#039;walpaints-banner-right-section&#039;]//a[@class=&#039;animated-arrow-button trackCTA&#039; ]}]
Capabilities {acceptInsecureCerts: false, browserName: chrome, browserVersion: 130.0.6723.117, chrome: {chromedriverVersion: 130.0.6723.116 (6ac35f94ae3..., userDataDir: C:\Users\Praharshitha\AppDa...}, fedcm:accounts: true, goog:chromeOptions: {debuggerAddress: localhost:51972}, networkConnectionEnabled: false, pageLoadStrategy: normal, platformName: windows, proxy: Proxy(), se:cdp: ws://localhost:51972/devtoo..., se:cdpVersion: 130.0.6723.117, setWindowRect: true, strictFileInteractability: false, timeouts: {implicit: 0, pageLoad: 300000, script: 30000}, unhandledPromptBehavior: dismiss and notify, webauthn:extension:credBlob: true, webauthn:extension:largeBlob: true, webauthn:extension:minPinLength: true, webauthn:extension:prf: true, webauthn:virtualAuthenticators: true}
Session ID: d6ff932fa362a77c6ae750653e9e53d2" type="org.openqa.selenium.NoSuchElementException">
      <![CDATA[org.openqa.selenium.NoSuchElementException: no such element: Unable to locate element: {"method":"xpath","selector":"//div[@class='walpaints-banner-right-section']//a[@class='animated-arrow-button trackCTA' ]"}
  (Session info: chrome=130.0.6723.117)
For documentation on this error, please visit: https://www.selenium.dev/documentation/webdriver/troubleshooting/errors#no-such-element-exception
Build info: version: '4.16.1', revision: '9b4c83354e'
System info: os.name: 'Windows 11', os.arch: 'amd64', os.version: '10.0', java.version: '22.0.1'
Driver info: org.openqa.selenium.chrome.ChromeDriver
Command: [d6ff932fa362a77c6ae750653e9e53d2, findElement {using=xpath, value=//div[@class='walpaints-banner-right-section']//a[@class='animated-arrow-button trackCTA' ]}]
Capabilities {acceptInsecureCerts: false, browserName: chrome, browserVersion: 130.0.6723.117, chrome: {chromedriverVersion: 130.0.6723.116 (6ac35f94ae3..., userDataDir: C:\Users\Praharshitha\AppDa...}, fedcm:accounts: true, goog:chromeOptions: {debuggerAddress: localhost:51972}, networkConnectionEnabled: false, pageLoadStrategy: normal, platformName: windows, proxy: Proxy(), se:cdp: ws://localhost:51972/devtoo..., se:cdpVersion: 130.0.6723.117, setWindowRect: true, strictFileInteractability: false, timeouts: {implicit: 0, pageLoad: 300000, script: 30000}, unhandledPromptBehavior: dismiss and notify, webauthn:extension:credBlob: true, webauthn:extension:largeBlob: true, webauthn:extension:minPinLength: true, webauthn:extension:prf: true, webauthn:virtualAuthenticators: true}
Session ID: d6ff932fa362a77c6ae750653e9e53d2
at java.base/jdk.internal.reflect.DirectConstructorHandleAccessor.newInstance(DirectConstructorHandleAccessor.java:62)
at java.base/java.lang.reflect.Constructor.newInstanceWithCaller(Constructor.java:502)
at java.base/java.lang.reflect.Constructor.newInstance(Constructor.java:486)
at org.openqa.selenium.remote.codec.w3c.W3CHttpResponseCodec.createException(W3CHttpResponseCodec.java:200)
at org.openqa.selenium.remote.codec.w3c.W3CHttpResponseCodec.decode(W3CHttpResponseCodec.java:133)
at org.openqa.selenium.remote.codec.w3c.W3CHttpResponseCodec.decode(W3CHttpResponseCodec.java:52)
at org.openqa.selenium.remote.HttpCommandExecutor.execute(HttpCommandExecutor.java:191)
at org.openqa.selenium.remote.service.DriverCommandExecutor.invokeExecute(DriverCommandExecutor.java:200)
at org.openqa.selenium.remote.service.DriverCommandExecutor.execute(DriverCommandExecutor.java:175)
at org.openqa.selenium.remote.RemoteWebDriver.execute(RemoteWebDriver.java:523)
at org.openqa.selenium.remote.ElementLocation$ElementFinder$2.findElement(ElementLocation.java:165)
at org.openqa.selenium.remote.ElementLocation.findElement(ElementLocation.java:59)
at org.openqa.selenium.remote.RemoteWebDriver.findElement(RemoteWebDriver.java:360)
at org.openqa.selenium.remote.RemoteWebDriver.findElement(RemoteWebDriver.java:354)
at org.openqa.selenium.support.pagefactory.DefaultElementLocator.findElement(DefaultElementLocator.java:68)
at org.openqa.selenium.support.pagefactory.internal.LocatingElementHandler.invoke(LocatingElementHandler.java:38)
at jdk.proxy2/jdk.proxy2.$Proxy25.getAttribute(Unknown Source)
at stepDefinations.FilterAndCompare.click_on_interior_walls(FilterAndCompare.java:61)
at ✽.Click on Interior walls(file:///C:/Users/Praharshitha/eclipse-workspace/AsianPaints_project/./src/test/java/features/filterandCompare.feature:9)
]]>
    </error>
    <system-out>
      <![CDATA[The browser is launched and url is navigated
Popup Handling is done
Successfully clicked the Cart
Successfully clicked on the Shop now Button
Interrior Image Link is dispalyed]]>
    </system-out>
  </testcase> <!-- runScenario -->
  <testcase classname="runners.CucumberRunner" name="runScenario" time="12.193">
    <system-out>
      <![CDATA[The browser is launched and url is navigated
Popup Handling is done
Room Type is Selected Successfully
Arrow Button is clicked
Room is displayed]]>
    </system-out>
  </testcase> <!-- runScenario -->
  <testcase classname="runners.CucumberRunner" name="runScenario" time="12.316">
    <system-out>
      <![CDATA[The browser is launched and url is navigated
Popup Handling is done
Room Type is Selected Successfully
Arrow Button is clicked
Room is displayed]]>
    </system-out>
  </testcase> <!-- runScenario -->
  <testcase classname="runners.CucumberRunner" name="runScenario" time="40.187">
    <system-out>
      <![CDATA[The browser is launched and url is navigated
Popup Handling is done
LoginPage is successfully displayed
Successfully Entered the number
Successfully logged in
Successfully logged in]]>
    </system-out>
  </testcase> <!-- runScenario -->
  <testcase classname="runners.CucumberRunner" name="runScenario" time="12.352">
    <error message="element click intercepted: Element &lt;h2 tabindex=&quot;0&quot; class=&quot;main-title focus-visible-auto-imp&quot;&gt;...&lt;/h2&gt; is not clickable at point (765, 17). Other element would receive the click: &lt;a href=&quot;https://www.asianpaints.com/products/waterproofing-solutions.html&quot; data-target=&quot;#Waterproofing&quot; class=&quot;track_section anchor-main&quot; tabindex=&quot;0&quot;&gt;...&lt;/a&gt;
  (Session info: chrome=130.0.6723.117)
Build info: version: &#039;4.16.1&#039;, revision: &#039;9b4c83354e&#039;
System info: os.name: &#039;Windows 11&#039;, os.arch: &#039;amd64&#039;, os.version: &#039;10.0&#039;, java.version: &#039;22.0.1&#039;
Driver info: org.openqa.selenium.chrome.ChromeDriver
Command: [58907fad7425c4d18ba2f13c47cadd26, clickElement {id=f.5229CEAB502F910D2823B9706811FEFB.d.ABC06AF7F7332740A70489779B9E27E8.e.324}]
Capabilities {acceptInsecureCerts: false, browserName: chrome, browserVersion: 130.0.6723.117, chrome: {chromedriverVersion: 130.0.6723.116 (6ac35f94ae3..., userDataDir: C:\Users\Praharshitha\AppDa...}, fedcm:accounts: true, goog:chromeOptions: {debuggerAddress: localhost:51922}, networkConnectionEnabled: false, pageLoadStrategy: normal, platformName: windows, proxy: Proxy(), se:cdp: ws://localhost:51922/devtoo..., se:cdpVersion: 130.0.6723.117, setWindowRect: true, strictFileInteractability: false, timeouts: {implicit: 0, pageLoad: 300000, script: 30000}, unhandledPromptBehavior: dismiss and notify, webauthn:extension:credBlob: true, webauthn:extension:largeBlob: true, webauthn:extension:minPinLength: true, webauthn:extension:prf: true, webauthn:virtualAuthenticators: true}
Element: [[ChromeDriver: chrome on windows (58907fad7425c4d18ba2f13c47cadd26)] -&gt; xpath: //h2[contains(text(),&#039;FAQs for Interior Wall Paints&#039;)]]
Session ID: 58907fad7425c4d18ba2f13c47cadd26" type="org.openqa.selenium.ElementClickInterceptedException">
      <![CDATA[org.openqa.selenium.ElementClickInterceptedException: element click intercepted: Element <h2 tabindex="0" class="main-title focus-visible-auto-imp">...</h2> is not clickable at point (765, 17). Other element would receive the click: <a href="https://www.asianpaints.com/products/waterproofing-solutions.html" data-target="#Waterproofing" class="track_section anchor-main" tabindex="0">...</a>
  (Session info: chrome=130.0.6723.117)
Build info: version: '4.16.1', revision: '9b4c83354e'
System info: os.name: 'Windows 11', os.arch: 'amd64', os.version: '10.0', java.version: '22.0.1'
Driver info: org.openqa.selenium.chrome.ChromeDriver
Command: [58907fad7425c4d18ba2f13c47cadd26, clickElement {id=f.5229CEAB502F910D2823B9706811FEFB.d.ABC06AF7F7332740A70489779B9E27E8.e.324}]
Capabilities {acceptInsecureCerts: false, browserName: chrome, browserVersion: 130.0.6723.117, chrome: {chromedriverVersion: 130.0.6723.116 (6ac35f94ae3..., userDataDir: C:\Users\Praharshitha\AppDa...}, fedcm:accounts: true, goog:chromeOptions: {debuggerAddress: localhost:51922}, networkConnectionEnabled: false, pageLoadStrategy: normal, platformName: windows, proxy: Proxy(), se:cdp: ws://localhost:51922/devtoo..., se:cdpVersion: 130.0.6723.117, setWindowRect: true, strictFileInteractability: false, timeouts: {implicit: 0, pageLoad: 300000, script: 30000}, unhandledPromptBehavior: dismiss and notify, webauthn:extension:credBlob: true, webauthn:extension:largeBlob: true, webauthn:extension:minPinLength: true, webauthn:extension:prf: true, webauthn:virtualAuthenticators: true}
Element: [[ChromeDriver: chrome on windows (58907fad7425c4d18ba2f13c47cadd26)] -> xpath: //h2[contains(text(),'FAQs for Interior Wall Paints')]]
Session ID: 58907fad7425c4d18ba2f13c47cadd26
at java.base/jdk.internal.reflect.DirectConstructorHandleAccessor.newInstance(DirectConstructorHandleAccessor.java:62)
at java.base/java.lang.reflect.Constructor.newInstanceWithCaller(Constructor.java:502)
at java.base/java.lang.reflect.Constructor.newInstance(Constructor.java:486)
at org.openqa.selenium.remote.codec.w3c.W3CHttpResponseCodec.createException(W3CHttpResponseCodec.java:200)
at org.openqa.selenium.remote.codec.w3c.W3CHttpResponseCodec.decode(W3CHttpResponseCodec.java:133)
at org.openqa.selenium.remote.codec.w3c.W3CHttpResponseCodec.decode(W3CHttpResponseCodec.java:52)
at org.openqa.selenium.remote.HttpCommandExecutor.execute(HttpCommandExecutor.java:191)
at org.openqa.selenium.remote.service.DriverCommandExecutor.invokeExecute(DriverCommandExecutor.java:200)
at org.openqa.selenium.remote.service.DriverCommandExecutor.execute(DriverCommandExecutor.java:175)
at org.openqa.selenium.remote.RemoteWebDriver.execute(RemoteWebDriver.java:523)
at org.openqa.selenium.remote.RemoteWebElement.execute(RemoteWebElement.java:224)
at org.openqa.selenium.remote.RemoteWebElement.click(RemoteWebElement.java:77)
at java.base/jdk.internal.reflect.DirectMethodHandleAccessor.invoke(DirectMethodHandleAccessor.java:103)
at java.base/java.lang.reflect.Method.invoke(Method.java:580)
at org.openqa.selenium.support.pagefactory.internal.LocatingElementHandler.invoke(LocatingElementHandler.java:51)
at jdk.proxy2/jdk.proxy2.$Proxy25.click(Unknown Source)
at stepDefinations.ExpandFAQ.click_on_plus_icon(ExpandFAQ.java:43)
at ✽.Click on Text(file:///C:/Users/Praharshitha/eclipse-workspace/AsianPaints_project/./src/test/java/features/expandFAQ.feature:7)
]]>
    </error>
    <system-out>
      <![CDATA[The browser is launched and url is navigated
Popup Handling is done
Hovered successfully on paints and colours
FAQ is displayed]]>
    </system-out>
  </testcase> <!-- runScenario -->
  <testcase classname="runners.CucumberRunner" name="runScenario" time="6.683">
    <system-out>
      <![CDATA[The browser is launched and url is navigated
Popup Handling is done
Sucessfully hovered on Paints&Colours
Yes Options are displayed..]]>
    </system-out>
  </testcase> <!-- runScenario -->
  <testcase classname="runners.CucumberRunner" name="runScenario" time="13.459">
    <error message="element click intercepted: Element &lt;h4 class=&quot;d-md-block storeBlock&quot; data-makercount=&quot;0&quot; style=&quot; cursor: pointer; &quot;&gt;...&lt;/h4&gt; is not clickable at point (150, 45). Other element would receive the click: &lt;img loading=&quot;eager&quot; fetchpriority=&quot;high&quot; height=&quot;32&quot; width=&quot;50&quot; alt=&quot;asian-paints-home&quot; title=&quot;asian-paints-home&quot; style=&quot;width: 100%; height: 100%;&quot; src=&quot;//static.asianpaints.com/etc.clientlibs/apcolourcatalogue/clientlibs/clientlib-global-unification/resources/images/header/asian-paints-logo.webp&quot;&gt;
  (Session info: chrome=130.0.6723.117)
Build info: version: &#039;4.16.1&#039;, revision: &#039;9b4c83354e&#039;
System info: os.name: &#039;Windows 11&#039;, os.arch: &#039;amd64&#039;, os.version: &#039;10.0&#039;, java.version: &#039;22.0.1&#039;
Driver info: org.openqa.selenium.chrome.ChromeDriver
Command: [58f724082d4b1122dd19186bf63b9a97, clickElement {id=f.E7D593A31525B88356331F986A64355D.d.EF555D532A77557AE326CD22E8C1D80E.e.322}]
Capabilities {acceptInsecureCerts: false, browserName: chrome, browserVersion: 130.0.6723.117, chrome: {chromedriverVersion: 130.0.6723.116 (6ac35f94ae3..., userDataDir: C:\Users\Praharshitha\AppDa...}, fedcm:accounts: true, goog:chromeOptions: {debuggerAddress: localhost:52128}, networkConnectionEnabled: false, pageLoadStrategy: normal, platformName: windows, proxy: Proxy(), se:cdp: ws://localhost:52128/devtoo..., se:cdpVersion: 130.0.6723.117, setWindowRect: true, strictFileInteractability: false, timeouts: {implicit: 0, pageLoad: 300000, script: 30000}, unhandledPromptBehavior: dismiss and notify, webauthn:extension:credBlob: true, webauthn:extension:largeBlob: true, webauthn:extension:minPinLength: true, webauthn:extension:prf: true, webauthn:virtualAuthenticators: true}
Element: [[ChromeDriver: chrome on windows (58f724082d4b1122dd19186bf63b9a97)] -&gt; xpath: //h4[text()=&#039; Sree Ganapathy Hardware [sgh] &#039;]]
Session ID: 58f724082d4b1122dd19186bf63b9a97" type="org.openqa.selenium.ElementClickInterceptedException">
      <![CDATA[org.openqa.selenium.ElementClickInterceptedException: element click intercepted: Element <h4 class="d-md-block storeBlock" data-makercount="0" style=" cursor: pointer; ">...</h4> is not clickable at point (150, 45). Other element would receive the click: <img loading="eager" fetchpriority="high" height="32" width="50" alt="asian-paints-home" title="asian-paints-home" style="width: 100%; height: 100%;" src="//static.asianpaints.com/etc.clientlibs/apcolourcatalogue/clientlibs/clientlib-global-unification/resources/images/header/asian-paints-logo.webp">
  (Session info: chrome=130.0.6723.117)
Build info: version: '4.16.1', revision: '9b4c83354e'
System info: os.name: 'Windows 11', os.arch: 'amd64', os.version: '10.0', java.version: '22.0.1'
Driver info: org.openqa.selenium.chrome.ChromeDriver
Command: [58f724082d4b1122dd19186bf63b9a97, clickElement {id=f.E7D593A31525B88356331F986A64355D.d.EF555D532A77557AE326CD22E8C1D80E.e.322}]
Capabilities {acceptInsecureCerts: false, browserName: chrome, browserVersion: 130.0.6723.117, chrome: {chromedriverVersion: 130.0.6723.116 (6ac35f94ae3..., userDataDir: C:\Users\Praharshitha\AppDa...}, fedcm:accounts: true, goog:chromeOptions: {debuggerAddress: localhost:52128}, networkConnectionEnabled: false, pageLoadStrategy: normal, platformName: windows, proxy: Proxy(), se:cdp: ws://localhost:52128/devtoo..., se:cdpVersion: 130.0.6723.117, setWindowRect: true, strictFileInteractability: false, timeouts: {implicit: 0, pageLoad: 300000, script: 30000}, unhandledPromptBehavior: dismiss and notify, webauthn:extension:credBlob: true, webauthn:extension:largeBlob: true, webauthn:extension:minPinLength: true, webauthn:extension:prf: true, webauthn:virtualAuthenticators: true}
Element: [[ChromeDriver: chrome on windows (58f724082d4b1122dd19186bf63b9a97)] -> xpath: //h4[text()=' Sree Ganapathy Hardware [sgh] ']]
Session ID: 58f724082d4b1122dd19186bf63b9a97
at java.base/jdk.internal.reflect.DirectConstructorHandleAccessor.newInstance(DirectConstructorHandleAccessor.java:62)
at java.base/java.lang.reflect.Constructor.newInstanceWithCaller(Constructor.java:502)
at java.base/java.lang.reflect.Constructor.newInstance(Constructor.java:486)
at org.openqa.selenium.remote.codec.w3c.W3CHttpResponseCodec.createException(W3CHttpResponseCodec.java:200)
at org.openqa.selenium.remote.codec.w3c.W3CHttpResponseCodec.decode(W3CHttpResponseCodec.java:133)
at org.openqa.selenium.remote.codec.w3c.W3CHttpResponseCodec.decode(W3CHttpResponseCodec.java:52)
at org.openqa.selenium.remote.HttpCommandExecutor.execute(HttpCommandExecutor.java:191)
at org.openqa.selenium.remote.service.DriverCommandExecutor.invokeExecute(DriverCommandExecutor.java:200)
at org.openqa.selenium.remote.service.DriverCommandExecutor.execute(DriverCommandExecutor.java:175)
at org.openqa.selenium.remote.RemoteWebDriver.execute(RemoteWebDriver.java:523)
at org.openqa.selenium.remote.RemoteWebElement.execute(RemoteWebElement.java:224)
at org.openqa.selenium.remote.RemoteWebElement.click(RemoteWebElement.java:77)
at java.base/jdk.internal.reflect.DirectMethodHandleAccessor.invoke(DirectMethodHandleAccessor.java:103)
at java.base/java.lang.reflect.Method.invoke(Method.java:580)
at org.openqa.selenium.support.pagefactory.internal.LocatingElementHandler.invoke(LocatingElementHandler.java:51)
at jdk.proxy2/jdk.proxy2.$Proxy25.click(Unknown Source)
at stepDefinations.PaintStoresNearMe.address_should_be_displayed(PaintStoresNearMe.java:130)
at ✽.Address should be displayed(file:///C:/Users/Praharshitha/eclipse-workspace/AsianPaints_project/./src/test/java/features/paintStroreNearMe.feature:9)
]]>
    </error>
    <system-out>
      <![CDATA[The browser is launched and url is navigated
Popup Handling is done
Sucessfully hovered on Paints&Colours
Paint Store near me link is clicked
Pincode is entered
Search Button is clicked]]>
    </system-out>
  </testcase> <!-- runScenario -->
  <testcase classname="runners.CucumberRunner" name="runScenario" time="29.679">
    <system-out>
      <![CDATA[The browser is launched and url is navigated
Popup Handling is done
Room Type is Selected Successfully
Arrow Button is clicked
Room is displayed]]>
    </system-out>
  </testcase> <!-- runScenario -->
  <testcase classname="runners.CucumberRunner" name="runScenario" time="14.063">
    <system-out>
      <![CDATA[The browser is launched and url is navigated
Popup Handling is done
successfully clicked
Successfully clicked the Cart
successfully clicked
successfully entered the values
successfully clicked
Successfully displayed colours related to colour]]>
    </system-out>
  </testcase> <!-- runScenario -->
  <testcase classname="runners.CucumberRunner" name="runScenario" time="14.740">
    <system-out>
      <![CDATA[The browser is launched and url is navigated
Popup Handling is done
Successfully clicked the Cart
Successfully clicked on the Shop now Button
Interrior Image Link is dispalyed
Successfully displayed the ViewAll Products button
Successfully clicked on view all products
Compare button is clicked
Product1 is clicked for comparsion
Product2 is clicked for comparsion
Successfully clicked on Compare now button
Comparision of products is displayed]]>
    </system-out>
  </testcase> <!-- runScenario -->
  <testcase classname="runners.CucumberRunner" name="runScenario" time="8.289">
    <error message="element click intercepted: Element &lt;img loading=&quot;lazy&quot; fetchpriority=&quot;auto&quot; src=&quot;//static.asianpaints.com/etc.clientlibs/apcolourcatalogue/clientlibs/clientlib-global-unification/resources/images/header/cart-icon/cart-button.svg&quot; alt=&quot;cart-button&quot; title=&quot;cart-button&quot; height=&quot;20&quot; width=&quot;20&quot; data-toggle=&quot;modal&quot; data-target=&quot;#cartModal&quot; class=&quot;iconLinks__cart cart-js-handle track_minicart&quot;&gt; is not clickable at point (1280, 100). Other element would receive the click: &lt;div class=&quot;modal search-modal fade-scale in&quot; tabindex=&quot;-1&quot; role=&quot;dialog&quot; id=&quot;unified-search-popup&quot; style=&quot;display: block;&quot;&gt;...&lt;/div&gt;
  (Session info: chrome=130.0.6723.117)
Build info: version: &#039;4.16.1&#039;, revision: &#039;9b4c83354e&#039;
System info: os.name: &#039;Windows 11&#039;, os.arch: &#039;amd64&#039;, os.version: &#039;10.0&#039;, java.version: &#039;22.0.1&#039;
Driver info: org.openqa.selenium.chrome.ChromeDriver
Command: [89504afca6b8ceca7f6c6907f5b9cd08, clickElement {id=f.8016DD2C0CF6108C1504DAB7139B2ACF.d.89833D7F91D88DF023CC7EEE68A1ADCD.e.146}]
Capabilities {acceptInsecureCerts: false, browserName: chrome, browserVersion: 130.0.6723.117, chrome: {chromedriverVersion: 130.0.6723.116 (6ac35f94ae3..., userDataDir: C:\Users\Praharshitha\AppDa...}, fedcm:accounts: true, goog:chromeOptions: {debuggerAddress: localhost:52246}, networkConnectionEnabled: false, pageLoadStrategy: normal, platformName: windows, proxy: Proxy(), se:cdp: ws://localhost:52246/devtoo..., se:cdpVersion: 130.0.6723.117, setWindowRect: true, strictFileInteractability: false, timeouts: {implicit: 0, pageLoad: 300000, script: 30000}, unhandledPromptBehavior: dismiss and notify, webauthn:extension:credBlob: true, webauthn:extension:largeBlob: true, webauthn:extension:minPinLength: true, webauthn:extension:prf: true, webauthn:virtualAuthenticators: true}
Element: [[ChromeDriver: chrome on windows (89504afca6b8ceca7f6c6907f5b9cd08)] -&gt; xpath: //img[@alt=&#039;cart-button&#039;]]
Session ID: 89504afca6b8ceca7f6c6907f5b9cd08" type="org.openqa.selenium.ElementClickInterceptedException">
      <![CDATA[org.openqa.selenium.ElementClickInterceptedException: element click intercepted: Element <img loading="lazy" fetchpriority="auto" src="//static.asianpaints.com/etc.clientlibs/apcolourcatalogue/clientlibs/clientlib-global-unification/resources/images/header/cart-icon/cart-button.svg" alt="cart-button" title="cart-button" height="20" width="20" data-toggle="modal" data-target="#cartModal" class="iconLinks__cart cart-js-handle track_minicart"> is not clickable at point (1280, 100). Other element would receive the click: <div class="modal search-modal fade-scale in" tabindex="-1" role="dialog" id="unified-search-popup" style="display: block;">...</div>
  (Session info: chrome=130.0.6723.117)
Build info: version: '4.16.1', revision: '9b4c83354e'
System info: os.name: 'Windows 11', os.arch: 'amd64', os.version: '10.0', java.version: '22.0.1'
Driver info: org.openqa.selenium.chrome.ChromeDriver
Command: [89504afca6b8ceca7f6c6907f5b9cd08, clickElement {id=f.8016DD2C0CF6108C1504DAB7139B2ACF.d.89833D7F91D88DF023CC7EEE68A1ADCD.e.146}]
Capabilities {acceptInsecureCerts: false, browserName: chrome, browserVersion: 130.0.6723.117, chrome: {chromedriverVersion: 130.0.6723.116 (6ac35f94ae3..., userDataDir: C:\Users\Praharshitha\AppDa...}, fedcm:accounts: true, goog:chromeOptions: {debuggerAddress: localhost:52246}, networkConnectionEnabled: false, pageLoadStrategy: normal, platformName: windows, proxy: Proxy(), se:cdp: ws://localhost:52246/devtoo..., se:cdpVersion: 130.0.6723.117, setWindowRect: true, strictFileInteractability: false, timeouts: {implicit: 0, pageLoad: 300000, script: 30000}, unhandledPromptBehavior: dismiss and notify, webauthn:extension:credBlob: true, webauthn:extension:largeBlob: true, webauthn:extension:minPinLength: true, webauthn:extension:prf: true, webauthn:virtualAuthenticators: true}
Element: [[ChromeDriver: chrome on windows (89504afca6b8ceca7f6c6907f5b9cd08)] -> xpath: //img[@alt='cart-button']]
Session ID: 89504afca6b8ceca7f6c6907f5b9cd08
at java.base/jdk.internal.reflect.DirectConstructorHandleAccessor.newInstance(DirectConstructorHandleAccessor.java:62)
at java.base/java.lang.reflect.Constructor.newInstanceWithCaller(Constructor.java:502)
at java.base/java.lang.reflect.Constructor.newInstance(Constructor.java:486)
at org.openqa.selenium.remote.codec.w3c.W3CHttpResponseCodec.createException(W3CHttpResponseCodec.java:200)
at org.openqa.selenium.remote.codec.w3c.W3CHttpResponseCodec.decode(W3CHttpResponseCodec.java:133)
at org.openqa.selenium.remote.codec.w3c.W3CHttpResponseCodec.decode(W3CHttpResponseCodec.java:52)
at org.openqa.selenium.remote.HttpCommandExecutor.execute(HttpCommandExecutor.java:191)
at org.openqa.selenium.remote.service.DriverCommandExecutor.invokeExecute(DriverCommandExecutor.java:200)
at org.openqa.selenium.remote.service.DriverCommandExecutor.execute(DriverCommandExecutor.java:175)
at org.openqa.selenium.remote.RemoteWebDriver.execute(RemoteWebDriver.java:523)
at org.openqa.selenium.remote.RemoteWebElement.execute(RemoteWebElement.java:224)
at org.openqa.selenium.remote.RemoteWebElement.click(RemoteWebElement.java:77)
at java.base/jdk.internal.reflect.DirectMethodHandleAccessor.invoke(DirectMethodHandleAccessor.java:103)
at java.base/java.lang.reflect.Method.invoke(Method.java:580)
at org.openqa.selenium.support.pagefactory.internal.LocatingElementHandler.invoke(LocatingElementHandler.java:51)
at jdk.proxy2/jdk.proxy2.$Proxy25.click(Unknown Source)
at stepDefinations.FilterAndCompare.click_on_shopping_cart_icon(FilterAndCompare.java:33)
at ✽.Click on shopping cart icon(file:///C:/Users/Praharshitha/eclipse-workspace/AsianPaints_project/./src/test/java/features/searchingColours.feature:6)
]]>
    </error>
    <system-out>
      <![CDATA[The browser is launched and url is navigated
Popup Handling is done
successfully clicked]]>
    </system-out>
  </testcase> <!-- runScenario -->
  <testcase classname="runners.CucumberRunner" name="runScenario" time="12.366">
    <system-out>
      <![CDATA[The browser is launched and url is navigated
Popup Handling is done
Hovered successfully on paints and colours
Successfully Clicked Explore Now
Successfully displayed the products of Luxury Type
Successfully Clicked on AllButton
Successfully displayed the products of All Type]]>
    </system-out>
  </testcase> <!-- runScenario -->
  <testcase classname="runners.CucumberRunner" name="runScenario" time="10.489">
    <system-out>
      <![CDATA[The browser is launched and url is navigated
Popup Handling is done
Sucessfully hovered on Paints&Colours
MeraWalaShade page is successfully displayed
Successfully entered name and email
Sucessfully clicked creative and fashionista buttons
Colour Picker Page is successfully displayed
Colour Page is dispalyed]]>
    </system-out>
  </testcase> <!-- runScenario -->
  <system-out>
    <![CDATA[The browser is launched and url is navigated
Popup Handling is done
Successfully clicked on Paints&Colours
Search bar is displayed
Search Field is displayed successfully
The browser is launched and url is navigated
Popup Handling is done
LoginPage is successfully displayed
Successfully Entered the number
Successfully logged in
Successfully logged in
The browser is launched and url is navigated
Popup Handling is done
Sucessfully hovered on Paints&Colours
MeraWalaShade page is successfully displayed
Successfully entered name and email
Sucessfully clicked creative and fashionista buttons
Colour Picker Page is successfully displayed
Colour Page is dispalyed
The browser is launched and url is navigated
Popup Handling is done
Hovered successfully on paints and colours
Successfully Clicked Explore Now
Successfully displayed the products of Luxury Type
Successfully Clicked on AllButton
Successfully displayed the products of All Type
The browser is launched and url is navigated
Popup Handling is done
Hovered successfully on paints and colours
FAQ is displayed
The browser is launched and url is navigated
Popup Handling is done
Successfully clicked the Cart
Successfully clicked on the Shop now Button
Interrior Image Link is dispalyed
The browser is launched and url is navigated
Popup Handling is done
Successfully clicked the Cart
Successfully clicked on the Shop now Button
Interrior Image Link is dispalyed
Successfully displayed the ViewAll Products button
Successfully clicked on view all products
Compare button is clicked
Product1 is clicked for comparsion
Product2 is clicked for comparsion
Successfully clicked on Compare now button
Comparision of products is displayed
The browser is launched and url is navigated
Popup Handling is done
Sucessfully hovered on Paints&Colours
Yes Options are displayed..
The browser is launched and url is navigated
Popup Handling is done
Sucessfully hovered on Paints&Colours
Paint Store near me link is clicked
Pincode is entered
Search Button is clicked
The browser is launched and url is navigated
Popup Handling is done
successfully clicked
Successfully clicked the Cart
successfully clicked
successfully entered the values
successfully clicked
Successfully displayed colours related to colour
The browser is launched and url is navigated
Popup Handling is done
successfully clicked
The browser is launched and url is navigated
Popup Handling is done
successfully clicked
Successfully clicked the Cart
successfully clicked
successfully entered the values
successfully clicked
Successfully displayed colours related to colour
The browser is launched and url is navigated
Popup Handling is done
Room Type is Selected Successfully
Arrow Button is clicked
Room is displayed
The browser is launched and url is navigated
Popup Handling is done
Room Type is Selected Successfully
Arrow Button is clicked
Room is displayed
The browser is launched and url is navigated
Popup Handling is done
Room Type is Selected Successfully
Arrow Button is clicked
Room is displayed]]>
  </system-out>
</testsuite> <!-- runners.CucumberRunner -->
